warning: Git tree '/etc/nixos' is dirty
this derivation will be built:
  /nix/store/8h34kbrl31xx9h27h65j5srkripb3nyh-nixos-rebuild.drv
these 4 paths will be fetched (3.86 MiB download, 15.27 MiB unpacked):
  /nix/store/mzafwji8rymhllzfyl0jlsbhn9y5car2-install-shell-files
  /nix/store/7r948dswzkvb0jcwb50h8h8mpkm92hlp-lowdown-1.2.0-lib
  /nix/store/smc31qg2lmlfixmpzijj6y6a2vdsxn70-nix-2.24.9
  /nix/store/2h1c8wy5lkbn64lzmn31ymya9knpm2kn-nix-2.24.9-man
copying path '/nix/store/mzafwji8rymhllzfyl0jlsbhn9y5car2-install-shell-files' from 'https://cache.nixos.org'...
copying path '/nix/store/2h1c8wy5lkbn64lzmn31ymya9knpm2kn-nix-2.24.9-man' from 'https://cache.nixos.org'...
copying path '/nix/store/7r948dswzkvb0jcwb50h8h8mpkm92hlp-lowdown-1.2.0-lib' from 'https://cache.nixos.org'...
copying path '/nix/store/smc31qg2lmlfixmpzijj6y6a2vdsxn70-nix-2.24.9' from 'https://cache.nixos.org'...
building '/nix/store/8h34kbrl31xx9h27h65j5srkripb3nyh-nixos-rebuild.drv'...
building the system configuration...
warning: Git tree '/etc/nixos' is dirty
unpacking 'github:nix-community/lib-aggregate/dccba7ef61b0f146fbae24e1118e7b082f44d9a9?narHash=sha256-s5yzGvmyHw3NNjHhR6Ll0sIfPxIqWVegg/Jm3Qw6y9I%3D' into the Git cache...
these 111 derivations will be built:
  /nix/store/07pxlaw9rqbff6mj7kiffxp7h7xgs1pz-KEY.drv
  /nix/store/n3ygn31x0546jrjb8lw6lnr2c8rhd80c-policies.json.drv
  /nix/store/cjrlz1wqfxrxfvcjrmgbg2g1fpzynfvf-firefox-134.0a1.en-US.linux-x86_64.tar.bz2.asc.drv
  /nix/store/kmm8flnfp37xhccc16a0a1vgr2mi04aw-firefox-134.0a1.en-US.linux-x86_64.tar.bz2.drv
  /nix/store/rklhchwijpc0smsr0z51xfa3gx0mv2qy-firefox-nightly-bin-unwrapped-134.0a1.drv
  /nix/store/rzw21ij6dlcg3hl4b8g3xzb3d9r3lg0i-firefox-nightly.desktop.drv
  /nix/store/vgq6229wvz7xw1b5rc7y5vhncv51bc1i-extract-binary-wrapper-cmd.drv
  /nix/store/0zi9dh2yzzrc03nxlf44c463gmgvr1ym-firefox-nightly-bin-134.0a1.drv
  /nix/store/igcrf71hzic0vbqai1wm1p5ap3aql76h-mpv-with-scripts-0.39.0.drv
  /nix/store/xlnvx8j2dl1m6plc20rjwns8m0d91pj3-gimp-with-plugins-2.10.38.drv
  /nix/store/6g0aidw8m1rf2gid6b9kgczsp6rmh7j5-runtime-deps.drv
  /nix/store/1yikb1r62qjvnb1892wb8hr3hx6hacc7-steam-usr-target.drv
  /nix/store/hqjs443fbpz28a9l3v938w4xv4bsmkr9-steam-fhs.drv
  /nix/store/5g6f4jn217y6nvgvhs9y6mc8v13wg1bk-steam-bwrap.drv
  /nix/store/za8l5saypwyxl7766q9kmfzrsi7mgq9g-steam.drv
  /nix/store/dhjsh1srg57phlz279xj53r3ifw9mrph-joplin-desktop-3.0.15-usr-target.drv
  /nix/store/bp4h4d96mjc209zijsp17w79lzyzz3qp-joplin-desktop-3.0.15-fhs.drv
  /nix/store/ws7g9z87dgspdygadky14wsr971zwmhs-joplin-desktop-3.0.15-bwrap.drv
  /nix/store/zhpr00c67n4pv97w8xkcza419hdk9phb-joplin-desktop-3.0.15.drv
  /nix/store/0a9r3sy99gigc3mp98m3zrgnbjczihz1-home-manager-path.drv
  /nix/store/1049fpcf7ai3jmkvhwqyzl0iyj52p9gs-ipv6-privacy-extensions.rules.drv
  /nix/store/15s95bx9xzzzjbkf3lsvnhvbdgshfcr9-desktops.drv
  /nix/store/89xvz0103kcb7lj0rin3l8kxayfaas6v-hm_fontconfigconf.d10hmfonts.conf.drv
  /nix/store/rizzgw4922nzysspr01sdsz4dnv356ly-home-manager-files.drv
  /nix/store/y8x1lzz2x6465iq89xmz5ardy4fqk5jn-activation-script.drv
  /nix/store/1bpbicw71ryyay9a1rxx45ar6v8a2fs7-home-manager-generation.drv
  /nix/store/1idaivikl81glk33ki3s225rww5k0x6p-ipv6-privacy-extensions.rules.drv
  /nix/store/1j8gn4462qzjrm73sgiszvssmj7bgpdg-linux-6.6.58-modules.drv
  /nix/store/1mghn2rhvzxfgdby89ypvpn092glr5p3-unit-display-manager.service.drv
  /nix/store/22rdj7i2qa8crgc1mv1hnk5x2093hlvf-etc-pam-environment.drv
  /nix/store/m1rd2lz958iqpqz191y0h1f3mlgcgbvg-nix.conf.drv
  /nix/store/23f3l0gfg684dd855lyx7mhjr9c3nakh-X-Restart-Triggers-nix-daemon.drv
  /nix/store/26c89652zq79gnj54n1558v17v4jsh92-find-libs.drv
  /nix/store/2c1rgh4ki2dk3fzzjngjbpi80fxqw3n7-getty.drv
  /nix/store/2d5ca46gzhyg03r82j6wrypspjaxgd7n-getty.drv
  /nix/store/2x23ff9yprr5mvbc65aaq5zkfina6wpd-unit-script-nix-gc-start.drv
  /nix/store/7asywvyrmpzc8cff5w284rjgfbqfgljp-unit-script-suid-sgid-wrappers-start.drv
  /nix/store/36hpfadxj6a8x3h1y3mxiwqmn1d08cp1-unit-suid-sgid-wrappers.service.drv
  /nix/store/qbsha3gxn6hq50z2jjrd7gdpv54y1rxi-runtime-deps.drv
  /nix/store/5whx6af93xhzqyfl86cp1yhnxp8lgrgx-steam-run-usr-target.drv
  /nix/store/xp644vh381k2ddm249i65x8lmgzb309m-steam-run-fhs.drv
  /nix/store/rfq3n6kcbgksbr4bav7vkjk68dxm3wdx-steam-run-bwrap.drv
  /nix/store/7z99ljzicsnnk4lb9ij1rr5fdzh54rk7-steam-run.drv
  /nix/store/8535dm473jq7rvwdxamb7hbcg3c5hv8m-nixos-version.drv
  /nix/store/bjkq73c3ai9k4q8jgrnmyyr7j8hzc3ri-nixos-install.drv
  /nix/store/ray333ij1xhpqh72x1lbd88p0mskylk9-nixos-help.drv
  /nix/store/nhz7bg2iq9vm08vavpy7b8g24jlwbjkd-nixos-help.drv
  /nix/store/skznklahnp25fm32m176wzjnghz06zn5-runtime-deps.drv
  /nix/store/3jaqrxfjr5dhjr5aq5dhl4zpbbdvwnsa-steam-usr-target.drv
  /nix/store/wffjwq3dnsgmbfjlx53m142p8rm381sq-steam-fhs.drv
  /nix/store/hgi7zglvvjxxv5x3ldv4svla3p1pq8vy-steam-bwrap.drv
  /nix/store/risz3ssdfcj0pfwj5hpq6jy67lfl8gdy-steam.drv
  /nix/store/6cvv4b1b5xkvkib94rsihy85hx3kac3g-system-path.drv
  /nix/store/3dx46y8vgcmkg6vnlg7fpa42mn75bs3d-X-Restart-Triggers-polkit.drv
  /nix/store/4wj87lgfa20lvjmv1izybgcmba5rjn7v-extra-hwdb-file.drv
  /nix/store/6dkijm6sc9azjz61qw45zdfp5w1kiy20-extra-udev-rules.drv
  /nix/store/pydd2x8g0gl2kxwx514z49p8jj0ya4g4-udev-rules.drv
  /nix/store/n8c0071ayrwrslsxn203bhsdilkvwwgp-X-Restart-Triggers-systemd-udevd.drv
  /nix/store/4qh7jpxrh8mw3vl3ggx3plj4ip7p5rzb-unit-systemd-udevd.service.drv
  /nix/store/55x8pg0fazc92yk9m08mka4v24pms6zq-unit-avahi-daemon.service.drv
  /nix/store/5pb8jf4b9bfdswd2vni1wwrhkf2dapmv-unit-container-getty-.service.drv
  /nix/store/y5fq244znymff3pf67gim350l8c9ka1n-cryptsetup-askpass.drv
  /nix/store/mrzznik1i5qjdqy5fd7cwmvjcws1lbci-extra-utils.drv
  /nix/store/85pd74bvy12lfzd4cbvdwrnkrlrf86jh-link-units.drv
  /nix/store/xphhqr3y9ikjz7sv12b1dqwx7cagnh3l-udev-rules.drv
  /nix/store/lpawc8jh1baim8y2yxbg8cjag0322icb-stage-1-init.sh.drv
  /nix/store/vxxy0qanfkjs59wx8lflsb9vj78cf7jm-linux-6.6.58-modules-shrunk.drv
  /nix/store/67lgwnbhvscljx822pvp44yfsa22im3k-initrd-linux-6.6.58.drv
  /nix/store/gj384fs3f7ikil6gf6q4zk2gwhq4wbln-tmpfiles.d.drv
  /nix/store/m4sbsmqzf86fh92yllgddph31ibzhcq2-X-Restart-Triggers-systemd-tmpfiles-resetup.drv
  /nix/store/682sl5npqxffbvh2gw96j4ivk6xbljvb-unit-systemd-tmpfiles-resetup.service.drv
  /nix/store/q3f3h6ybnbdz4j8xsg9vrgcwmwsfil23-etc-os-release.drv
  /nix/store/yb97h89y41kyf64ibnrjr7qjc74qrkjd-shutdown-ramfs-contents.json.drv
  /nix/store/69z6bdy07rxh7psl30qpi647civgj8m7-unit-generate-shutdown-ramfs.service.drv
  /nix/store/6c3x7pg71zbjf0593401pmypwbhkjvk7-ensure-all-wrappers-paths-exist.drv
  /nix/store/6cgx1iwzcc4vi9287gn2mi46dgrd7s79-unit-nix-gc.service.drv
  /nix/store/7asac6h2j592j37ybwp364c7338fg1f3-hwdb.bin.drv
  /nix/store/8w8virkl096p8lj0jvq98cf45lqa8gc2-user-environment.drv
  /nix/store/zwps0slzqddgqlvrb36sj77hj1g0dmca-set-environment.drv
  /nix/store/8zcg1pz70xm1dqj5bp4z4b1cijhs2xyy-etc-profile.drv
  /nix/store/lgv2mw8bs6z60mafgmpfykpn3w6zam3k-dbus-1.drv
  /nix/store/9c7948q2scd0rlvcba9l06acr6c8wdw4-X-Restart-Triggers-dbus.drv
  /nix/store/bdhs3n64xhsgfsjfwm08s4g7c83pjmih-unit-dbus.service.drv
  /nix/store/aynip7zsbbnc0q2n7ggihqrs3xi42pnb-user-units.drv
  /nix/store/b8kwfyj8r19z2d0x30i6kw04dpx4zi44-unit-nscd.service.drv
  /nix/store/bsmknk37q1l79lqqkpxglvgw8xdsmd9y-unit-getty-.service.drv
  /nix/store/byyzjgry21wg077a2wx98r1h60dm3ab8-system-shutdown.drv
  /nix/store/c5j11363sfi32gami02494khcp0j24yn-system-generators.drv
  /nix/store/fj5zcby1rg980ah2r8rdlxxng5aywfw4-kde.pam.drv
  /nix/store/g8ibmbqqw33id15j6m300yilavw1mfa9-xserver-wrapper.drv
  /nix/store/jja3h4hak1112rhag7aswivzsndag836-boot.json.drv
  /nix/store/hsjlv04r2aki95m99jxcghz40rqibcs2-issue.drv
  /nix/store/hyxgiwd1fybgxdwydc4s3ljwczmncv4d-user-generators.drv
  /nix/store/nsfs9gkrn4g292aykkprf76x4sg7avdq-login.pam.drv
  /nix/store/imlhwvi3r41vsry5vh5269balyh1qjf5-unit-serial-getty-.service.drv
  /nix/store/j7yfq1c2fcmxsihfqh2w261387n3q3jk-unit-nix-daemon.service.drv
  /nix/store/jx1h0y9sa59jszzlinhylnmv022s0sv9-unit-dbus.service.drv
  /nix/store/kb01kw88ka630fr534sgyzv3yjdiwpja-unit-autovt-.service.drv
  /nix/store/ljcb3j6g4qwd1pikshj9iirdrpcc3hvr-unit-home-manager-keganre.service.drv
  /nix/store/pzr0riddvmxxvr9d3bqxy89bgp4ywvzj-unit-accounts-daemon.service.drv
  /nix/store/rgilw8bq1v95gg9y5j4a1dwrjz065pn2-unit-polkit.service.drv
  /nix/store/mqn10gx3qj4d5x4szsaj33cbq9p56s14-unit-script-nixos-upgrade-start.drv
  /nix/store/v6jx319ckgyf31vqgqyh880mck4pcw4l-unit-nixos-upgrade.service.drv
  /nix/store/v6s05d0gjyw3ddwwynmlg934a9x3x9c6-unit-nix-optimise.service.drv
  /nix/store/rfvs503i7dgm206c303n2nxa6ykyqdhf-system-units.drv
  /nix/store/sa4r3syv68q8bs8299jkfcsg82i46cfp-lightdm.conf.drv
  /nix/store/sm06qsc297vsp2da1sknbz9pvkcszhf7-etc-nix-registry.json.drv
  /nix/store/nyihialjcxcvqssdlciqxqg82vd1mca9-etc.drv
  /nix/store/lxw61c2x6kvs6vlh6wvjzcynkhpvbcvl-grub-config.xml.drv
  /nix/store/r1p00gc7j8vlx6aqha34splgvwivshxk-install-grub.sh.drv
  /nix/store/h242xl3amwr7as30i0zn1pndaladq6fd-nixos-system-nixos-24.11.20241029.807e915.drv
these 159 paths will be fetched (657.84 MiB download, 2037.46 MiB unpacked):
  /nix/store/zxw7jqh2iyrvc9k9iy2ma7yjfal616hl-acl-2.3.2-dev
  /nix/store/qlfdjlrwl46z485vbnm8fw8wjb09hb5d-akonadi-24.08.2
  /nix/store/fgcvwa6mmh8yqy9pswyj4yqxajpz95vy-akonadi-calendar-24.08.2
  /nix/store/xyvg1w1giwkh8ncr8cra7kskdchav9bf-akonadi-contacts-24.08.2
  /nix/store/c73mih8mm9gzmalp94081jr56k4x3dfs-akonadi-mime-24.08.2
  /nix/store/6bld3vv8np27v3fi629rpkja66gc07w1-akonadi-notes-24.08.2
  /nix/store/0wkqf36wwfyn8s1bs3az0ymr4fd0hdvz-akonadi-search-24.08.2
  /nix/store/i4afj4a5mgj8n4cbr1br7qz0b6pp4djn-alsa-lib-1.2.12-dev
  /nix/store/14nvg7kp96lggnl8yk1ig0ppw46jk2m0-ark-24.08.2
  /nix/store/cyx0mb5s19fwwn2z32ck773l38w3bdxb-attr-2.5.2-dev
  /nix/store/xhlwi9px92p168dscx5zmnvb4c47cgh8-auto-patchelf-hook
  /nix/store/f9gcaixyi3ycrf33qdwdz9vvhl88hmx7-baloo-6.7.0
  /nix/store/8g7w67gj9l51lwwmgkqd42wr817jcyh1-baloo-widgets-24.08.2
  /nix/store/07fbcsqwmjh5p9cf2asfqhispyxf5y6q-bash-5.2p32-man
  /nix/store/9iwjkp02vvfhb1j0jmpsh89csw2sm2ha-bcache-tools-1.0.8
  /nix/store/lfabp2rmzyn7ddbhgls0gsjjqckzw3np-binutils-wrapper-2.43.1
  /nix/store/g7jqv1y9gf71v70847kbgzdwnjkf5vwy-bluedevil-6.2.2
  /nix/store/d8ydiwzy4gn6y384nyw2x0qp7shvsdww-breeze-6.2.2
  /nix/store/y0mfn3jp2g28jjhxdx0lgl5qhy6v4yww-breeze-6.2.2-qt5
  /nix/store/s91j7r7dlnw0n7d2ln87vqnbdwgwrj47-breeze-gtk-6.2.2
  /nix/store/rk81r1z83wc16205cfgzdl9kvag4x1bx-curl-8.9.1
  /nix/store/s5phpnrcxvx0vl8s8vngmif98dbgna37-curl-8.9.1-bin
  /nix/store/alp68pswxp45l2qzi7zrqy3xdm53w84s-curl-8.9.1-dev
  /nix/store/r7v17m5qxzj6bnifksa2fhbx8kakd150-curl-8.9.1-man
  /nix/store/sbnrmzsasyx5xjs09y4jqad85ck3m2dp-dash-0.5.12
  /nix/store/8451h396p0wna2710b9zc5hr6dqkwh6c-dbus-glib-0.112-dev
  /nix/store/wrvn46ninsyh8kbnymx7p4fdaxccvvvx-dolphin-24.08.2
  /nix/store/nf3sc67ib4crrvg30wx6fifnc2sk8ikc-dolphin-plugins-24.08.2
  /nix/store/jclbzdp65sx9dvfxd7b542zv2vmwjnq3-drkonqi-6.2.2
  /nix/store/prixzlqp5ix3x6hwkz66giqljbczqmn5-ebook-tools-0.2.2
  /nix/store/nzx2c3why7yxwj7ifhzxw12ifkd139qq-elisa-24.08.2
  /nix/store/qp80f2bypwbgpsprphxpka8377f71i9m-expand-response-params
  /nix/store/53r7zva6y2kimr9s96slf3fr21hdkw49-flatpak-1.14.10
  /nix/store/w9sxqlf8mx937c21j4i1wh01lgjdclkv-gdb-host-cpu-only-15.1
  /nix/store/snq6mmhzzqf7qgmwry82933nmpwbnk7j-gh-2.60.0
  /nix/store/xbv9wiylnp4lq3rri6xhikqhwld7s6ah-gimp-2.10.38
  /nix/store/l8qfwcawcf9fvvl0ljzifqimp6vkkzga-gimp-plugin-Lightning
  /nix/store/6dwlljsijcky9h9i03a37sxvbvmnfps1-gimp-plugin-bimp-2.6
  /nix/store/iz0l8c1li30jx88jaasbxpbhyr55rckb-gimp-plugin-farbfeld-unstable-2019-08-12
  /nix/store/7b8ig9limp6khjyl8k2jyzl56n67jp22-gimp-plugin-fourier-0.4.3
  /nix/store/l031jd4799l8dr47r3yqw7av0dmnhlgs-gimp-plugin-gap-2.6.0-unstable-2023-05-20
  /nix/store/pqg728cxax5zd2ziim51gxnn8r6cgda2-gimp-plugin-gimplensfun-unstable-2018-10-21
  /nix/store/l9yfablviv0zj3r1654pwnjwa7il5jbq-gimp-plugin-lqr-plugin-0.7.2
  /nix/store/49z07md4y5fxcc6279rjsa7acjbmp3vk-gimp-plugin-texturize-2.2+unstable=2021-12-03
  /nix/store/m2cfsxcbzx2h9di10j3vim5b2s8avmkq-gimp-plugin-wavelet-sharpen-0.1.2
  /nix/store/sy5f0abjwf6j6cr1lam1sp82sb2dcll0-gmic-qt-gimp-3.4.2
  /nix/store/mpxkd3vqgc2ii1179fb7ax4hf3ax2jmq-grub-2.12
  /nix/store/4zngm3ckc9jwmgqn12idh04s8wkn59wr-gwenview-24.08.2
  /nix/store/51vzy4aag5cggp2cxljyxja16mh3612p-ibus-1.5.30
  /nix/store/3bg50gaw9hy1igq3sv4gndnvfmhwjgff-jq-1.7.1-dev
  /nix/store/8mkhwkf2qck1abygzh46maicxb4m2slj-kactivitymanagerd-6.2.2
  /nix/store/gw1z4pmdpsmiv23g8lr1fvvfmiz38cdx-kde-cli-tools-6.2.2
  /nix/store/hnm08dr3i25lqf46n0nif36xd15mwzhl-kde-gtk-config-6.2.2
  /nix/store/0wahmdf07ww9cwddq5x495fhpm61m0h1-kdecoration-6.2.2
  /nix/store/982z7yiqswljax520h1n7dnlggqvjad0-kdepim-runtime-24.08.2
  /nix/store/zaiygd5p2y9kd29yimga2l0f4r1p8na2-kdeplasma-addons-6.2.2
  /nix/store/ykd9wfas0n5y1bs32jdacl2jg49d0y47-keymap
  /nix/store/08v3jmqw4kvc5wjpwwv4h44b0ly1r9cz-kfilemetadata-6.7.0
  /nix/store/riqaqhx77vmv0n1jfvsnik9f4rfyxgyi-kglobalacceld-6.2.2
  /nix/store/ggvwn97569g2wij15p88brr2llfd8nwb-kinfocenter-6.2.2
  /nix/store/f9g93vqzjvmvw4plisndy5l4lc5pbm0a-kio-extras-24.08.2
  /nix/store/4ij3x9gy5i9qcpc1lgd7pfyixx8a78af-kmenuedit-6.2.2
  /nix/store/9akvb2raj9v8jpdi0fxl0fm239kgn7y8-kmod-31-dev
  /nix/store/s4p2x7whg3vhhfyyq3gngkl6rahm2vnd-kpipewire-6.2.2
  /nix/store/q94py7s4fsb8aav0nkn27825p97jrqxi-krb5-1.21.3
  /nix/store/2bc454ld4bw91fms309dynw7ml15x4gd-krb5-1.21.3-dev
  /nix/store/qclzicwknjp77csm7hqj33w03vlm46lm-krb5-1.21.3-lib
  /nix/store/0faxiq6qx3z23ir5hrnghmzxn0xxhhrk-krdp-6.2.2
  /nix/store/axk6ypbnhj8a63xy4i0wxkny27fsfr52-krunner-6.7.0
  /nix/store/aw509lv0xmxsiyap65ijn274a7406qpl-kscreen-6.2.2
  /nix/store/4ipzx0cgs0yikvzpxbl6x0wvxmp4f2kw-kscreenlocker-6.2.2
  /nix/store/597d2jg8m3hc0aqgvw7kld0ifa9hm9vv-ksshaskpass-6.2.2
  /nix/store/1jnknhqx8gs30p9ni14bz0r9yymbmcan-ksystemstats-6.2.2
  /nix/store/9chqg0vhf7dvc9kw9yirl4mmfp10mzhs-kwallet-pam-6.2.2
  /nix/store/38jyfihlzj8lvdqvwaal1lcgyxgcwxky-kwayland-6.2.2
  /nix/store/d7zzqis16kmscnqdls7va2c6ryriw9zh-kwin-6.2.2
  /nix/store/r3dv10ahnhm6w8ljr85x7gdygzkggljd-kwrited-6.2.2
  /nix/store/4ra4iba398i64l292v6h0r7c9jg3rm5n-layer-shell-qt-6.2.2
  /nix/store/ks5zgfm0i287hnk8kq30k7q5b9cy24mn-less-668
  /nix/store/kgk8nq7rx2k1hsid7jgrrn3icyjwpij8-less-668-man
  /nix/store/maafv8cgs6ykcgpq6pyh4wcx901mr6zf-libarchive-3.7.4-dev
  /nix/store/ngwq3zbpy5sddgpav3nifdqdfimrc61l-libblockdev-3.1.1
  /nix/store/f3d0dcawlfhqcfgi1v1893kar5mzlkqy-libgcrypt-1.10.3
  /nix/store/3pvkz24jj5qj5l1cbhvvkr6vqxqxyj17-libgravatar-24.08.2
  /nix/store/00qrvwz5i7szldgzn94kmk4vz8ah7fsm-libipt-2.1.1
  /nix/store/m8iivkmjanif1m7qynf701sikdp5cbxv-libkscreen-6.2.2
  /nix/store/mqd2ayq74y149apvkwn9plscvlqmd47b-libksysguard-6.2.2
  /nix/store/vfh1xh9npwlf1glj3xjrsa0xjp12h63c-libndctl-79
  /nix/store/j52iykpmxb3jxm6ymqdr1q1njvyb0wq2-libndctl-79-man
  /nix/store/hjpi8mszdlprxdw98vcvq8lgf77mqfkj-libplasma-6.2.2
  /nix/store/w7b5j9bpkyhkwd8zb7h1r8v04ib5p470-libportal-0.8.1
  /nix/store/cwgy309aq0l6x5d9qryf5zx0y8657sbn-libssh2-1.11.0
  /nix/store/gr6wqns3ih22ai2qikq8q9jkanaib9cy-libssh2-1.11.0-dev
  /nix/store/c6wnb793kd8zgq4c980izy491lzy12cj-libzip-1.11.1
  /nix/store/4jy2zv4drf15i6ah7h0qlha9v9fw7xxr-linux-6.6.58
  /nix/store/82qm5m3v8vp72vif4yg7mp4pa5mw7bz3-mariadb-server-10.11.9
  /nix/store/2g1y0ls1mryf1ypzqbv93jmjmlhlisix-messagelib-24.08.2
  /nix/store/3bfhy44il218rn52s22qvxr79fvar2da-microcode-intel-20240910
  /nix/store/ar63bvdgjg1b3xhqphpr4d1mj9dz214n-milou-6.2.2
  /nix/store/dsfy27r1zl5w9pr2g64wxdd54y8mc0d3-mirrors-list
  /nix/store/aiw65pysdfhayrsvrggn2w9fzvfdgyr5-nghttp2-1.63.0
  /nix/store/cigz2bi0ql0qigwgja0h9n2gh6nbzd1s-nghttp2-1.63.0-dev
  /nix/store/yaqh7b0wpsmi5xdi15dzcnjl53wi8zbj-nghttp2-1.63.0-lib
  /nix/store/cr754gavxsfi8mn05sm2s57453yvbljr-nix-2.18.8
  /nix/store/rkp94l3ljgljyh7gkzh7ndjprq0z5j7b-nix-2.18.8-man
  /nix/store/cbigjzdfm1qs5d7nzdm85sj6s4rigfm2-nix-2.24.9-doc
  /nix/store/wfjdc6v70lhc2k8flw9m18q1y907i3i1-nixos-configuration-reference-manpage
  /nix/store/fpmgj2nim29mmm7dxd2ln46przvkndz2-nixos-manual-html
  /nix/store/57zwgfackr0lnnnn9mchjzf5xz4yypyj-nixos-option
  /nix/store/p3q2qv8p08qajas051s739cs2pbf481n-nsncd-1.5.1
  /nix/store/zrp3b4kvq7x1w1ahw6mbh1bzx9n1rbzn-nuke-references
  /nix/store/g09z5l206lc5n1bsm6a4q3nnvsksanh6-ocean-sound-theme-6.2.2
  /nix/store/5isaknwwc3yk8ins5rgvjib4fh0s7gs3-okular-24.08.2
  /nix/store/c3n3w79h2hcc01bmkhg4m2rg12c9fxgr-openssl-3.3.2
  /nix/store/d4cs32m5mi9jc37sr0kyk51cz0wfzljg-openssl-3.3.2-bin
  /nix/store/35f50sc17z20lbpp39g2004b5f7gzh36-openssl-3.3.2-dev
  /nix/store/814dpi6xzl40sp1pxfpy3jsfcwc9hwih-os-prober-1.81
  /nix/store/459v61szlf7dp7rz95kvr76391y8hnck-patchelf-0.18.0-unstable-2024-06-15
  /nix/store/mxx39w9z2xbvj60ng2889qylm8vbl3zh-pimcommon-24.08.2
  /nix/store/ipnmvr855p99w51hc9d9nxzmfrfbk6bh-plasma-activities-6.2.2
  /nix/store/brhwh37wq4bwzal6n6ih912q9m21npw5-plasma-activities-stats-6.2.2
  /nix/store/3rb8sglczappi4xiryxz5xvn6ms0brg9-plasma-browser-integration-6.2.2
  /nix/store/kpkrcbiz37v47w84qw2ja3khxv1niasf-plasma-desktop-6.2.2
  /nix/store/w2hc38jkghgvv9i6lyz4yncxgilpqw9b-plasma-integration-6.2.2
  /nix/store/iyapin0js4xq13bl1wcdmmmpjljrzn9b-plasma-integration-6.2.2-qt5
  /nix/store/bdm5hhxcrcsabnq5sfx10n8mzr949c6k-plasma-nano-6.2.2
  /nix/store/k5ghwqhvky9qr0blcaj8hbb2jq05bll0-plasma-nm-6.2.2
  /nix/store/dyv4a01fj0vxx08np0r4g96zgh5586xv-plasma-pa-6.2.2
  /nix/store/98fgh5fbjpw4r3z0cpix7yzdd7kzlia2-plasma-systemmonitor-6.2.2
  /nix/store/n7zrz0bpqqspxbvxyci1zhx7ynh5wmkn-plasma-workspace-6.2.2
  /nix/store/mn9hgg64bl7wmhmwwz035gap448mvn1p-plasma-workspace-wallpapers-6.2.2
  /nix/store/84j5m20dbf9aqf1v7yi0as4rciz3bgqs-plasma5support-6.2.2
  /nix/store/mww56rkrdbxx6qagv4zw2jzfsf51zv7s-polkit-kde-agent-1-6.2.2
  /nix/store/3pafmwkzjwmrx5pfnrzbrrl9a011gzjn-powerdevil-6.2.2
  /nix/store/19m4mxgd6dsr3szl1p19ngf268xk01y4-print-manager-6.2.2
  /nix/store/iyasd38y7vcgvy1q6f3zgy6zl8m3r4rv-python3-3.12.6-env
  /nix/store/r3k2hydll1f7irnf5125jnx3fd0swzrh-python3-3.12.6-env
  /nix/store/45v89cyhr1pd7pcg031qlnpjw5lxci66-python3.12-pyelftools-0.31
  /nix/store/mi6nanid1hpc9gg9s6y1hlpqvgid8m7x-python3.12-pygdbmi-0.11.0.0
  /nix/store/83r5h0gf4lxbqr64dhw07alagcw2x9ai-python3.12-sentry-sdk-1.45.0
  /nix/store/4pmy7drv63bkp03rd1xpwsjkvva3gsmy-qqc2-breeze-style-6.2.2
  /nix/store/9dmbn92wwdqcp8r8vrnh59znh7rza3xl-remove-references-to
  /nix/store/19l634zsjg7rbhjrvf8c0arlclhnp734-security-wrapper-kwin_wayland-x86_64-unknown-linux-musl
  /nix/store/ynqspxyqrqy06rflsgvfm325ay9mwyci-setup-debug-info-dirs-hook
  /nix/store/k7gv6jj6zbb7vi1cxyr6yha0snhqxgam-signal-desktop-beta-7.30.0-beta.2
  /nix/store/j08z20fby7fcvcgxrx8qbb7v97mkyzh0-source-highlight-3.1.9
  /nix/store/x4s4znc1m1x33698rpia07c8wc70my6k-spectacle-24.08.2
  /nix/store/ncv68hjnidcd2bm5abkhklrijhn0cgn6-stdenv-linux
  /nix/store/v1sqirg8f7p4i3hmz5jvn4a96kgys93d-switch-to-configuration-0.1.0
  /nix/store/7b73m7dxf4y60l29r2vxi76x4g6gbm9a-systemsettings-6.2.2
  /nix/store/icyqw00fp1h2fvw9rlqlsvrbngkmb9pq-udisks-2.10.1
  /nix/store/g5f78z12idciklw9yxvhys6jna6xwsn6-udisks-2.10.1-man
  /nix/store/xk0a2v0m01c4canlv9hclc68qwn39rdk-wrap-gapps-hook
  /nix/store/3rm3n29rmhr1289q82p5i67366j8akc0-xdg-desktop-portal-1.18.4
  /nix/store/8x1nggil4xpy6z6abc8mf83nqfplps8k-xdg-desktop-portal-gtk-1.15.1
  /nix/store/4jsp1llanabckwcrjbsjpdsf9n73n27m-xdg-desktop-portal-kde-6.2.2
  /nix/store/bclqgb4yiwfgld8c1b61k1pfccghhyyd-xwaylandvideobridge-0.4.0
  /nix/store/idnzls4cmcmrqlhpbx07s739xvwqj8rd-yt-dlp-2024.10.22
  /nix/store/d69i3kgvynzvmzzgnsknyprnc88lw7gl-zenity-4.0.3
copying path '/nix/store/4jy2zv4drf15i6ah7h0qlha9v9fw7xxr-linux-6.6.58' from 'https://cache.nixos.org'...
copying path '/nix/store/kgk8nq7rx2k1hsid7jgrrn3icyjwpij8-less-668-man' from 'https://cache.nixos.org'...
copying path '/nix/store/wfjdc6v70lhc2k8flw9m18q1y907i3i1-nixos-configuration-reference-manpage' from 'https://cache.nixos.org'...
copying path '/nix/store/cbigjzdfm1qs5d7nzdm85sj6s4rigfm2-nix-2.24.9-doc' from 'https://cache.nixos.org'...
copying path '/nix/store/fpmgj2nim29mmm7dxd2ln46przvkndz2-nixos-manual-html' from 'https://cache.nixos.org'...
copying path '/nix/store/g5f78z12idciklw9yxvhys6jna6xwsn6-udisks-2.10.1-man' from 'https://cache.nixos.org'...
copying path '/nix/store/v1sqirg8f7p4i3hmz5jvn4a96kgys93d-switch-to-configuration-0.1.0' from 'https://cache.nixos.org'...
copying path '/nix/store/9iwjkp02vvfhb1j0jmpsh89csw2sm2ha-bcache-tools-1.0.8' from 'https://cache.nixos.org'...
copying path '/nix/store/s91j7r7dlnw0n7d2ln87vqnbdwgwrj47-breeze-gtk-6.2.2' from 'https://cache.nixos.org'...
copying path '/nix/store/y0mfn3jp2g28jjhxdx0lgl5qhy6v4yww-breeze-6.2.2-qt5' from 'https://cache.nixos.org'...
copying path '/nix/store/mpxkd3vqgc2ii1179fb7ax4hf3ax2jmq-grub-2.12' from 'https://cache.nixos.org'...
copying path '/nix/store/8mkhwkf2qck1abygzh46maicxb4m2slj-kactivitymanagerd-6.2.2' from 'https://cache.nixos.org'...
copying path '/nix/store/gw1z4pmdpsmiv23g8lr1fvvfmiz38cdx-kde-cli-tools-6.2.2' from 'https://cache.nixos.org'...
copying path '/nix/store/riqaqhx77vmv0n1jfvsnik9f4rfyxgyi-kglobalacceld-6.2.2' from 'https://cache.nixos.org'...
copying path '/nix/store/4ij3x9gy5i9qcpc1lgd7pfyixx8a78af-kmenuedit-6.2.2' from 'https://cache.nixos.org'...
copying path '/nix/store/9chqg0vhf7dvc9kw9yirl4mmfp10mzhs-kwallet-pam-6.2.2' from 'https://cache.nixos.org'...
building '/nix/store/sm06qsc297vsp2da1sknbz9pvkcszhf7-etc-nix-registry.json.drv'...
building '/nix/store/q3f3h6ybnbdz4j8xsg9vrgcwmwsfil23-etc-os-release.drv'...
building '/nix/store/hsjlv04r2aki95m99jxcghz40rqibcs2-issue.drv'...
building '/nix/store/8535dm473jq7rvwdxamb7hbcg3c5hv8m-nixos-version.drv'...
building '/nix/store/4wj87lgfa20lvjmv1izybgcmba5rjn7v-extra-hwdb-file.drv'...
building '/nix/store/6dkijm6sc9azjz61qw45zdfp5w1kiy20-extra-udev-rules.drv'...
building '/nix/store/1049fpcf7ai3jmkvhwqyzl0iyj52p9gs-ipv6-privacy-extensions.rules.drv'...
building '/nix/store/1idaivikl81glk33ki3s225rww5k0x6p-ipv6-privacy-extensions.rules.drv'...
building '/nix/store/kb01kw88ka630fr534sgyzv3yjdiwpja-unit-autovt-.service.drv'...
building '/nix/store/55x8pg0fazc92yk9m08mka4v24pms6zq-unit-avahi-daemon.service.drv'...
building '/nix/store/5pb8jf4b9bfdswd2vni1wwrhkf2dapmv-unit-container-getty-.service.drv'...
building '/nix/store/imlhwvi3r41vsry5vh5269balyh1qjf5-unit-serial-getty-.service.drv'...
building '/nix/store/mqn10gx3qj4d5x4szsaj33cbq9p56s14-unit-script-nixos-upgrade-start.drv'...
copying path '/nix/store/zxw7jqh2iyrvc9k9iy2ma7yjfal616hl-acl-2.3.2-dev' from 'https://cache.nixos.org'...
copying path '/nix/store/i4afj4a5mgj8n4cbr1br7qz0b6pp4djn-alsa-lib-1.2.12-dev' from 'https://cache.nixos.org'...
copying path '/nix/store/cyx0mb5s19fwwn2z32ck773l38w3bdxb-attr-2.5.2-dev' from 'https://cache.nixos.org'...
copying path '/nix/store/07fbcsqwmjh5p9cf2asfqhispyxf5y6q-bash-5.2p32-man' from 'https://cache.nixos.org'...
copying path '/nix/store/r7v17m5qxzj6bnifksa2fhbx8kakd150-curl-8.9.1-man' from 'https://cache.nixos.org'...
copying path '/nix/store/sbnrmzsasyx5xjs09y4jqad85ck3m2dp-dash-0.5.12' from 'https://cache.nixos.org'...
copying path '/nix/store/8451h396p0wna2710b9zc5hr6dqkwh6c-dbus-glib-0.112-dev' from 'https://cache.nixos.org'...
copying path '/nix/store/qp80f2bypwbgpsprphxpka8377f71i9m-expand-response-params' from 'https://cache.nixos.org'...
building '/nix/store/yb97h89y41kyf64ibnrjr7qjc74qrkjd-shutdown-ramfs-contents.json.drv'...
building '/nix/store/fj5zcby1rg980ah2r8rdlxxng5aywfw4-kde.pam.drv'...
building '/nix/store/nsfs9gkrn4g292aykkprf76x4sg7avdq-login.pam.drv'...
copying path '/nix/store/snq6mmhzzqf7qgmwry82933nmpwbnk7j-gh-2.60.0' from 'https://cache.nixos.org'...
copying path '/nix/store/xbv9wiylnp4lq3rri6xhikqhwld7s6ah-gimp-2.10.38' from 'https://cache.nixos.org'...
copying path '/nix/store/53r7zva6y2kimr9s96slf3fr21hdkw49-flatpak-1.14.10' from 'https://cache.nixos.org'...
copying path '/nix/store/l8qfwcawcf9fvvl0ljzifqimp6vkkzga-gimp-plugin-Lightning' from 'https://cache.nixos.org'...
copying path '/nix/store/51vzy4aag5cggp2cxljyxja16mh3612p-ibus-1.5.30' from 'https://cache.nixos.org'...
copying path '/nix/store/3bg50gaw9hy1igq3sv4gndnvfmhwjgff-jq-1.7.1-dev' from 'https://cache.nixos.org'...
copying path '/nix/store/0wahmdf07ww9cwddq5x495fhpm61m0h1-kdecoration-6.2.2' from 'https://cache.nixos.org'...
copying path '/nix/store/ykd9wfas0n5y1bs32jdacl2jg49d0y47-keymap' from 'https://cache.nixos.org'...
copying path '/nix/store/s4p2x7whg3vhhfyyq3gngkl6rahm2vnd-kpipewire-6.2.2' from 'https://cache.nixos.org'...
copying path '/nix/store/9akvb2raj9v8jpdi0fxl0fm239kgn7y8-kmod-31-dev' from 'https://cache.nixos.org'...
copying path '/nix/store/axk6ypbnhj8a63xy4i0wxkny27fsfr52-krunner-6.7.0' from 'https://cache.nixos.org'...
copying path '/nix/store/597d2jg8m3hc0aqgvw7kld0ifa9hm9vv-ksshaskpass-6.2.2' from 'https://cache.nixos.org'...
copying path '/nix/store/r3dv10ahnhm6w8ljr85x7gdygzkggljd-kwrited-6.2.2' from 'https://cache.nixos.org'...
copying path '/nix/store/38jyfihlzj8lvdqvwaal1lcgyxgcwxky-kwayland-6.2.2' from 'https://cache.nixos.org'...
building '/nix/store/69z6bdy07rxh7psl30qpi647civgj8m7-unit-generate-shutdown-ramfs.service.drv'...
building '/nix/store/y5fq244znymff3pf67gim350l8c9ka1n-cryptsetup-askpass.drv'...
building '/nix/store/vgq6229wvz7xw1b5rc7y5vhncv51bc1i-extract-binary-wrapper-cmd.drv'...
building '/nix/store/26c89652zq79gnj54n1558v17v4jsh92-find-libs.drv'...
building '/nix/store/rzw21ij6dlcg3hl4b8g3xzb3d9r3lg0i-firefox-nightly.desktop.drv'...
building '/nix/store/2c1rgh4ki2dk3fzzjngjbpi80fxqw3n7-getty.drv'...
building '/nix/store/m1rd2lz958iqpqz191y0h1f3mlgcgbvg-nix.conf.drv'...
building '/nix/store/ray333ij1xhpqh72x1lbd88p0mskylk9-nixos-help.drv'...
building '/nix/store/bjkq73c3ai9k4q8jgrnmyyr7j8hzc3ri-nixos-install.drv'...
building '/nix/store/n3ygn31x0546jrjb8lw6lnr2c8rhd80c-policies.json.drv'...
building '/nix/store/gj384fs3f7ikil6gf6q4zk2gwhq4wbln-tmpfiles.d.drv'...
building '/nix/store/v6s05d0gjyw3ddwwynmlg934a9x3x9c6-unit-nix-optimise.service.drv'...
building '/nix/store/v6jx319ckgyf31vqgqyh880mck4pcw4l-unit-nixos-upgrade.service.drv'...
building '/nix/store/2x23ff9yprr5mvbc65aaq5zkfina6wpd-unit-script-nix-gc-start.drv'...
copying path '/nix/store/lfabp2rmzyn7ddbhgls0gsjjqckzw3np-binutils-wrapper-2.43.1' from 'https://cache.nixos.org'...
copying path '/nix/store/4ra4iba398i64l292v6h0r7c9jg3rm5n-layer-shell-qt-6.2.2' from 'https://cache.nixos.org'...
copying path '/nix/store/ks5zgfm0i287hnk8kq30k7q5b9cy24mn-less-668' from 'https://cache.nixos.org'...
copying path '/nix/store/maafv8cgs6ykcgpq6pyh4wcx901mr6zf-libarchive-3.7.4-dev' from 'https://cache.nixos.org'...
copying path '/nix/store/f3d0dcawlfhqcfgi1v1893kar5mzlkqy-libgcrypt-1.10.3' from 'https://cache.nixos.org'...
copying path '/nix/store/00qrvwz5i7szldgzn94kmk4vz8ah7fsm-libipt-2.1.1' from 'https://cache.nixos.org'...
copying path '/nix/store/m8iivkmjanif1m7qynf701sikdp5cbxv-libkscreen-6.2.2' from 'https://cache.nixos.org'...
copying path '/nix/store/mqd2ayq74y149apvkwn9plscvlqmd47b-libksysguard-6.2.2' from 'https://cache.nixos.org'...
copying path '/nix/store/j52iykpmxb3jxm6ymqdr1q1njvyb0wq2-libndctl-79-man' from 'https://cache.nixos.org'...
copying path '/nix/store/w7b5j9bpkyhkwd8zb7h1r8v04ib5p470-libportal-0.8.1' from 'https://cache.nixos.org'...
copying path '/nix/store/c6wnb793kd8zgq4c980izy491lzy12cj-libzip-1.11.1' from 'https://cache.nixos.org'...
copying path '/nix/store/3bfhy44il218rn52s22qvxr79fvar2da-microcode-intel-20240910' from 'https://cache.nixos.org'...
building '/nix/store/m4sbsmqzf86fh92yllgddph31ibzhcq2-X-Restart-Triggers-systemd-tmpfiles-resetup.drv'...
building '/nix/store/2d5ca46gzhyg03r82j6wrypspjaxgd7n-getty.drv'...
building '/nix/store/nhz7bg2iq9vm08vavpy7b8g24jlwbjkd-nixos-help.drv'...
building '/nix/store/y8x1lzz2x6465iq89xmz5ardy4fqk5jn-activation-script.drv'...
copying path '/nix/store/hnm08dr3i25lqf46n0nif36xd15mwzhl-kde-gtk-config-6.2.2' from 'https://cache.nixos.org'...
copying path '/nix/store/0faxiq6qx3z23ir5hrnghmzxn0xxhhrk-krdp-6.2.2' from 'https://cache.nixos.org'...
copying path '/nix/store/d8ydiwzy4gn6y384nyw2x0qp7shvsdww-breeze-6.2.2' from 'https://cache.nixos.org'...
copying path '/nix/store/ar63bvdgjg1b3xhqphpr4d1mj9dz214n-milou-6.2.2' from 'https://cache.nixos.org'...
copying path '/nix/store/dsfy27r1zl5w9pr2g64wxdd54y8mc0d3-mirrors-list' from 'https://cache.nixos.org'...
copying path '/nix/store/aiw65pysdfhayrsvrggn2w9fzvfdgyr5-nghttp2-1.63.0' from 'https://cache.nixos.org'...
copying path '/nix/store/yaqh7b0wpsmi5xdi15dzcnjl53wi8zbj-nghttp2-1.63.0-lib' from 'https://cache.nixos.org'...
building '/nix/store/23f3l0gfg684dd855lyx7mhjr9c3nakh-X-Restart-Triggers-nix-daemon.drv'...
building '/nix/store/bsmknk37q1l79lqqkpxglvgw8xdsmd9y-unit-getty-.service.drv'...
building '/nix/store/6cgx1iwzcc4vi9287gn2mi46dgrd7s79-unit-nix-gc.service.drv'...
building '/nix/store/682sl5npqxffbvh2gw96j4ivk6xbljvb-unit-systemd-tmpfiles-resetup.service.drv'...
copying path '/nix/store/82qm5m3v8vp72vif4yg7mp4pa5mw7bz3-mariadb-server-10.11.9' from 'https://cache.nixos.org'...
copying path '/nix/store/rkp94l3ljgljyh7gkzh7ndjprq0z5j7b-nix-2.18.8-man' from 'https://cache.nixos.org'...
copying path '/nix/store/p3q2qv8p08qajas051s739cs2pbf481n-nsncd-1.5.1' from 'https://cache.nixos.org'...
copying path '/nix/store/zrp3b4kvq7x1w1ahw6mbh1bzx9n1rbzn-nuke-references' from 'https://cache.nixos.org'...
copying path '/nix/store/g09z5l206lc5n1bsm6a4q3nnvsksanh6-ocean-sound-theme-6.2.2' from 'https://cache.nixos.org'...
copying path '/nix/store/c3n3w79h2hcc01bmkhg4m2rg12c9fxgr-openssl-3.3.2' from 'https://cache.nixos.org'...
copying path '/nix/store/814dpi6xzl40sp1pxfpy3jsfcwc9hwih-os-prober-1.81' from 'https://cache.nixos.org'...
copying path '/nix/store/459v61szlf7dp7rz95kvr76391y8hnck-patchelf-0.18.0-unstable-2024-06-15' from 'https://cache.nixos.org'...
copying path '/nix/store/w2hc38jkghgvv9i6lyz4yncxgilpqw9b-plasma-integration-6.2.2' from 'https://cache.nixos.org'...
copying path '/nix/store/ipnmvr855p99w51hc9d9nxzmfrfbk6bh-plasma-activities-6.2.2' from 'https://cache.nixos.org'...
building '/nix/store/j7yfq1c2fcmxsihfqh2w261387n3q3jk-unit-nix-daemon.service.drv'...
copying path '/nix/store/prixzlqp5ix3x6hwkz66giqljbczqmn5-ebook-tools-0.2.2' from 'https://cache.nixos.org'...
building '/nix/store/mrzznik1i5qjdqy5fd7cwmvjcws1lbci-extra-utils.drv'...
copying path '/nix/store/1jnknhqx8gs30p9ni14bz0r9yymbmcan-ksystemstats-6.2.2' from 'https://cache.nixos.org'...
copying path '/nix/store/vfh1xh9npwlf1glj3xjrsa0xjp12h63c-libndctl-79' from 'https://cache.nixos.org'...
copying path '/nix/store/cigz2bi0ql0qigwgja0h9n2gh6nbzd1s-nghttp2-1.63.0-dev' from 'https://cache.nixos.org'...
copying path '/nix/store/iyapin0js4xq13bl1wcdmmmpjljrzn9b-plasma-integration-6.2.2-qt5' from 'https://cache.nixos.org'...
building '/nix/store/lxw61c2x6kvs6vlh6wvjzcynkhpvbcvl-grub-config.xml.drv'...
copying path '/nix/store/hjpi8mszdlprxdw98vcvq8lgf77mqfkj-libplasma-6.2.2' from 'https://cache.nixos.org'...
copying path '/nix/store/08v3jmqw4kvc5wjpwwv4h44b0ly1r9cz-kfilemetadata-6.7.0' from 'https://cache.nixos.org'...
building '/nix/store/b8kwfyj8r19z2d0x30i6kw04dpx4zi44-unit-nscd.service.drv'...
copying path '/nix/store/5isaknwwc3yk8ins5rgvjib4fh0s7gs3-okular-24.08.2' from 'https://cache.nixos.org'...
copying path '/nix/store/brhwh37wq4bwzal6n6ih912q9m21npw5-plasma-activities-stats-6.2.2' from 'https://cache.nixos.org'...
building '/nix/store/r1p00gc7j8vlx6aqha34splgvwivshxk-install-grub.sh.drv'...
copying path '/nix/store/cr754gavxsfi8mn05sm2s57453yvbljr-nix-2.18.8' from 'https://cache.nixos.org'...
copying path '/nix/store/bdm5hhxcrcsabnq5sfx10n8mzr949c6k-plasma-nano-6.2.2' from 'https://cache.nixos.org'...
copying path '/nix/store/k5ghwqhvky9qr0blcaj8hbb2jq05bll0-plasma-nm-6.2.2' from 'https://cache.nixos.org'...
copying path '/nix/store/98fgh5fbjpw4r3z0cpix7yzdd7kzlia2-plasma-systemmonitor-6.2.2' from 'https://cache.nixos.org'...
copying path '/nix/store/ngwq3zbpy5sddgpav3nifdqdfimrc61l-libblockdev-3.1.1' from 'https://cache.nixos.org'...
copying path '/nix/store/14nvg7kp96lggnl8yk1ig0ppw46jk2m0-ark-24.08.2' from 'https://cache.nixos.org'...
copying path '/nix/store/f9gcaixyi3ycrf33qdwdz9vvhl88hmx7-baloo-6.7.0' from 'https://cache.nixos.org'...
copying path '/nix/store/nzx2c3why7yxwj7ifhzxw12ifkd139qq-elisa-24.08.2' from 'https://cache.nixos.org'...
copying path '/nix/store/f9g93vqzjvmvw4plisndy5l4lc5pbm0a-kio-extras-24.08.2' from 'https://cache.nixos.org'...
copying path '/nix/store/mn9hgg64bl7wmhmwwz035gap448mvn1p-plasma-workspace-wallpapers-6.2.2' from 'https://cache.nixos.org'...
copying path '/nix/store/84j5m20dbf9aqf1v7yi0as4rciz3bgqs-plasma5support-6.2.2' from 'https://cache.nixos.org'...
copying path '/nix/store/8g7w67gj9l51lwwmgkqd42wr817jcyh1-baloo-widgets-24.08.2' from 'https://cache.nixos.org'...
copying path '/nix/store/4zngm3ckc9jwmgqn12idh04s8wkn59wr-gwenview-24.08.2' from 'https://cache.nixos.org'...
copying path '/nix/store/qclzicwknjp77csm7hqj33w03vlm46lm-krb5-1.21.3-lib' from 'https://cache.nixos.org'...
copying path '/nix/store/cwgy309aq0l6x5d9qryf5zx0y8657sbn-libssh2-1.11.0' from 'https://cache.nixos.org'...
copying path '/nix/store/g7jqv1y9gf71v70847kbgzdwnjkf5vwy-bluedevil-6.2.2' from 'https://cache.nixos.org'...
copying path '/nix/store/aw509lv0xmxsiyap65ijn274a7406qpl-kscreen-6.2.2' from 'https://cache.nixos.org'...
copying path '/nix/store/d4cs32m5mi9jc37sr0kyk51cz0wfzljg-openssl-3.3.2-bin' from 'https://cache.nixos.org'...
copying path '/nix/store/mww56rkrdbxx6qagv4zw2jzfsf51zv7s-polkit-kde-agent-1-6.2.2' from 'https://cache.nixos.org'...
copying path '/nix/store/19m4mxgd6dsr3szl1p19ngf268xk01y4-print-manager-6.2.2' from 'https://cache.nixos.org'...
copying path '/nix/store/45v89cyhr1pd7pcg031qlnpjw5lxci66-python3.12-pyelftools-0.31' from 'https://cache.nixos.org'...
copying path '/nix/store/mi6nanid1hpc9gg9s6y1hlpqvgid8m7x-python3.12-pygdbmi-0.11.0.0' from 'https://cache.nixos.org'...
copying path '/nix/store/rk81r1z83wc16205cfgzdl9kvag4x1bx-curl-8.9.1' from 'https://cache.nixos.org'...
copying path '/nix/store/q94py7s4fsb8aav0nkn27825p97jrqxi-krb5-1.21.3' from 'https://cache.nixos.org'...
copying path '/nix/store/wrvn46ninsyh8kbnymx7p4fdaxccvvvx-dolphin-24.08.2' from 'https://cache.nixos.org'...
copying path '/nix/store/35f50sc17z20lbpp39g2004b5f7gzh36-openssl-3.3.2-dev' from 'https://cache.nixos.org'...
copying path '/nix/store/83r5h0gf4lxbqr64dhw07alagcw2x9ai-python3.12-sentry-sdk-1.45.0' from 'https://cache.nixos.org'...
copying path '/nix/store/4pmy7drv63bkp03rd1xpwsjkvva3gsmy-qqc2-breeze-style-6.2.2' from 'https://cache.nixos.org'...
building '/nix/store/85pd74bvy12lfzd4cbvdwrnkrlrf86jh-link-units.drv'...
building '/nix/store/xphhqr3y9ikjz7sv12b1dqwx7cagnh3l-udev-rules.drv'...
copying path '/nix/store/57zwgfackr0lnnnn9mchjzf5xz4yypyj-nixos-option' from 'https://cache.nixos.org'...
copying path '/nix/store/9dmbn92wwdqcp8r8vrnh59znh7rza3xl-remove-references-to' from 'https://cache.nixos.org'...
copying path '/nix/store/j08z20fby7fcvcgxrx8qbb7v97mkyzh0-source-highlight-3.1.9' from 'https://cache.nixos.org'...
copying path '/nix/store/k7gv6jj6zbb7vi1cxyr6yha0snhqxgam-signal-desktop-beta-7.30.0-beta.2' from 'https://cache.nixos.org'...
copying path '/nix/store/ynqspxyqrqy06rflsgvfm325ay9mwyci-setup-debug-info-dirs-hook' from 'https://cache.nixos.org'...
building '/nix/store/lpawc8jh1baim8y2yxbg8cjag0322icb-stage-1-init.sh.drv'...
copying path '/nix/store/s5phpnrcxvx0vl8s8vngmif98dbgna37-curl-8.9.1-bin' from 'https://cache.nixos.org'...
copying path '/nix/store/2bc454ld4bw91fms309dynw7ml15x4gd-krb5-1.21.3-dev' from 'https://cache.nixos.org'...
copying path '/nix/store/gr6wqns3ih22ai2qikq8q9jkanaib9cy-libssh2-1.11.0-dev' from 'https://cache.nixos.org'...
copying path '/nix/store/4ipzx0cgs0yikvzpxbl6x0wvxmp4f2kw-kscreenlocker-6.2.2' from 'https://cache.nixos.org'...
copying path '/nix/store/iyasd38y7vcgvy1q6f3zgy6zl8m3r4rv-python3-3.12.6-env' from 'https://cache.nixos.org'...
copying path '/nix/store/r3k2hydll1f7irnf5125jnx3fd0swzrh-python3-3.12.6-env' from 'https://cache.nixos.org'...
copying path '/nix/store/x4s4znc1m1x33698rpia07c8wc70my6k-spectacle-24.08.2' from 'https://cache.nixos.org'...
copying path '/nix/store/ncv68hjnidcd2bm5abkhklrijhn0cgn6-stdenv-linux' from 'https://cache.nixos.org'...
copying path '/nix/store/7b73m7dxf4y60l29r2vxi76x4g6gbm9a-systemsettings-6.2.2' from 'https://cache.nixos.org'...
copying path '/nix/store/icyqw00fp1h2fvw9rlqlsvrbngkmb9pq-udisks-2.10.1' from 'https://cache.nixos.org'...
copying path '/nix/store/xhlwi9px92p168dscx5zmnvb4c47cgh8-auto-patchelf-hook' from 'https://cache.nixos.org'...
copying path '/nix/store/alp68pswxp45l2qzi7zrqy3xdm53w84s-curl-8.9.1-dev' from 'https://cache.nixos.org'...
copying path '/nix/store/w9sxqlf8mx937c21j4i1wh01lgjdclkv-gdb-host-cpu-only-15.1' from 'https://cache.nixos.org'...
copying path '/nix/store/xk0a2v0m01c4canlv9hclc68qwn39rdk-wrap-gapps-hook' from 'https://cache.nixos.org'...
copying path '/nix/store/3rm3n29rmhr1289q82p5i67366j8akc0-xdg-desktop-portal-1.18.4' from 'https://cache.nixos.org'...
copying path '/nix/store/8x1nggil4xpy6z6abc8mf83nqfplps8k-xdg-desktop-portal-gtk-1.15.1' from 'https://cache.nixos.org'...
building '/nix/store/07pxlaw9rqbff6mj7kiffxp7h7xgs1pz-KEY.drv'...
building '/nix/store/cjrlz1wqfxrxfvcjrmgbg2g1fpzynfvf-firefox-134.0a1.en-US.linux-x86_64.tar.bz2.asc.drv'...
copying path '/nix/store/4jsp1llanabckwcrjbsjpdsf9n73n27m-xdg-desktop-portal-kde-6.2.2' from 'https://cache.nixos.org'...
copying path '/nix/store/bclqgb4yiwfgld8c1b61k1pfccghhyyd-xwaylandvideobridge-0.4.0' from 'https://cache.nixos.org'...
copying path '/nix/store/idnzls4cmcmrqlhpbx07s739xvwqj8rd-yt-dlp-2024.10.22' from 'https://cache.nixos.org'...
copying path '/nix/store/d69i3kgvynzvmzzgnsknyprnc88lw7gl-zenity-4.0.3' from 'https://cache.nixos.org'...
building '/nix/store/7asac6h2j592j37ybwp364c7338fg1f3-hwdb.bin.drv'...
building '/nix/store/pydd2x8g0gl2kxwx514z49p8jj0ya4g4-udev-rules.drv'...
building '/nix/store/n8c0071ayrwrslsxn203bhsdilkvwwgp-X-Restart-Triggers-systemd-udevd.drv'...
copying path '/nix/store/ggvwn97569g2wij15p88brr2llfd8nwb-kinfocenter-6.2.2' from 'https://cache.nixos.org'...
building '/nix/store/4qh7jpxrh8mw3vl3ggx3plj4ip7p5rzb-unit-systemd-udevd.service.drv'...
building '/nix/store/kmm8flnfp37xhccc16a0a1vgr2mi04aw-firefox-134.0a1.en-US.linux-x86_64.tar.bz2.drv'...
copying path '/nix/store/nf3sc67ib4crrvg30wx6fifnc2sk8ikc-dolphin-plugins-24.08.2' from 'https://cache.nixos.org'...
building '/nix/store/dhjsh1srg57phlz279xj53r3ifw9mrph-joplin-desktop-3.0.15-usr-target.drv'...
building '/nix/store/6g0aidw8m1rf2gid6b9kgczsp6rmh7j5-runtime-deps.drv'...
building '/nix/store/qbsha3gxn6hq50z2jjrd7gdpv54y1rxi-runtime-deps.drv'...
building '/nix/store/skznklahnp25fm32m176wzjnghz06zn5-runtime-deps.drv'...
building '/nix/store/5whx6af93xhzqyfl86cp1yhnxp8lgrgx-steam-run-usr-target.drv'...
building '/nix/store/1yikb1r62qjvnb1892wb8hr3hx6hacc7-steam-usr-target.drv'...
copying path '/nix/store/6dwlljsijcky9h9i03a37sxvbvmnfps1-gimp-plugin-bimp-2.6' from 'https://cache.nixos.org'...
copying path '/nix/store/iz0l8c1li30jx88jaasbxpbhyr55rckb-gimp-plugin-farbfeld-unstable-2019-08-12' from 'https://cache.nixos.org'...
copying path '/nix/store/7b8ig9limp6khjyl8k2jyzl56n67jp22-gimp-plugin-fourier-0.4.3' from 'https://cache.nixos.org'...
copying path '/nix/store/l031jd4799l8dr47r3yqw7av0dmnhlgs-gimp-plugin-gap-2.6.0-unstable-2023-05-20' from 'https://cache.nixos.org'...
copying path '/nix/store/l9yfablviv0zj3r1654pwnjwa7il5jbq-gimp-plugin-lqr-plugin-0.7.2' from 'https://cache.nixos.org'...
copying path '/nix/store/pqg728cxax5zd2ziim51gxnn8r6cgda2-gimp-plugin-gimplensfun-unstable-2018-10-21' from 'https://cache.nixos.org'...
copying path '/nix/store/49z07md4y5fxcc6279rjsa7acjbmp3vk-gimp-plugin-texturize-2.2+unstable=2021-12-03' from 'https://cache.nixos.org'...
building '/nix/store/3jaqrxfjr5dhjr5aq5dhl4zpbbdvwnsa-steam-usr-target.drv'...
copying path '/nix/store/m2cfsxcbzx2h9di10j3vim5b2s8avmkq-gimp-plugin-wavelet-sharpen-0.1.2' from 'https://cache.nixos.org'...
copying path '/nix/store/sy5f0abjwf6j6cr1lam1sp82sb2dcll0-gmic-qt-gimp-3.4.2' from 'https://cache.nixos.org'...
building '/nix/store/bp4h4d96mjc209zijsp17w79lzyzz3qp-joplin-desktop-3.0.15-fhs.drv'...
copying path '/nix/store/jclbzdp65sx9dvfxd7b542zv2vmwjnq3-drkonqi-6.2.2' from 'https://cache.nixos.org'...
building '/nix/store/ws7g9z87dgspdygadky14wsr971zwmhs-joplin-desktop-3.0.15-bwrap.drv'...
building '/nix/store/igcrf71hzic0vbqai1wm1p5ap3aql76h-mpv-with-scripts-0.39.0.drv'...
building '/nix/store/zhpr00c67n4pv97w8xkcza419hdk9phb-joplin-desktop-3.0.15.drv'...
building '/nix/store/hqjs443fbpz28a9l3v938w4xv4bsmkr9-steam-fhs.drv'...
building '/nix/store/wffjwq3dnsgmbfjlx53m142p8rm381sq-steam-fhs.drv'...
building '/nix/store/xp644vh381k2ddm249i65x8lmgzb309m-steam-run-fhs.drv'...
building '/nix/store/c5j11363sfi32gami02494khcp0j24yn-system-generators.drv'...
building '/nix/store/byyzjgry21wg077a2wx98r1h60dm3ab8-system-shutdown.drv'...
building '/nix/store/hyxgiwd1fybgxdwydc4s3ljwczmncv4d-user-generators.drv'...
building '/nix/store/rklhchwijpc0smsr0z51xfa3gx0mv2qy-firefox-nightly-bin-unwrapped-134.0a1.drv'...
building '/nix/store/rfq3n6kcbgksbr4bav7vkjk68dxm3wdx-steam-run-bwrap.drv'...
building '/nix/store/5g6f4jn217y6nvgvhs9y6mc8v13wg1bk-steam-bwrap.drv'...
building '/nix/store/hgi7zglvvjxxv5x3ldv4svla3p1pq8vy-steam-bwrap.drv'...
copying path '/nix/store/qlfdjlrwl46z485vbnm8fw8wjb09hb5d-akonadi-24.08.2' from 'https://cache.nixos.org'...
building '/nix/store/7z99ljzicsnnk4lb9ij1rr5fdzh54rk7-steam-run.drv'...
building '/nix/store/za8l5saypwyxl7766q9kmfzrsi7mgq9g-steam.drv'...
building '/nix/store/risz3ssdfcj0pfwj5hpq6jy67lfl8gdy-steam.drv'...
building '/nix/store/0zi9dh2yzzrc03nxlf44c463gmgvr1ym-firefox-nightly-bin-134.0a1.drv'...
building '/nix/store/xlnvx8j2dl1m6plc20rjwns8m0d91pj3-gimp-with-plugins-2.10.38.drv'...
copying path '/nix/store/xyvg1w1giwkh8ncr8cra7kskdchav9bf-akonadi-contacts-24.08.2' from 'https://cache.nixos.org'...
copying path '/nix/store/c73mih8mm9gzmalp94081jr56k4x3dfs-akonadi-mime-24.08.2' from 'https://cache.nixos.org'...
copying path '/nix/store/6bld3vv8np27v3fi629rpkja66gc07w1-akonadi-notes-24.08.2' from 'https://cache.nixos.org'...
copying path '/nix/store/0wkqf36wwfyn8s1bs3az0ymr4fd0hdvz-akonadi-search-24.08.2' from 'https://cache.nixos.org'...
copying path '/nix/store/mxx39w9z2xbvj60ng2889qylm8vbl3zh-pimcommon-24.08.2' from 'https://cache.nixos.org'...
copying path '/nix/store/3pvkz24jj5qj5l1cbhvvkr6vqxqxyj17-libgravatar-24.08.2' from 'https://cache.nixos.org'...
copying path '/nix/store/2g1y0ls1mryf1ypzqbv93jmjmlhlisix-messagelib-24.08.2' from 'https://cache.nixos.org'...
copying path '/nix/store/fgcvwa6mmh8yqy9pswyj4yqxajpz95vy-akonadi-calendar-24.08.2' from 'https://cache.nixos.org'...
copying path '/nix/store/982z7yiqswljax520h1n7dnlggqvjad0-kdepim-runtime-24.08.2' from 'https://cache.nixos.org'...
copying path '/nix/store/d7zzqis16kmscnqdls7va2c6ryriw9zh-kwin-6.2.2' from 'https://cache.nixos.org'...
copying path '/nix/store/n7zrz0bpqqspxbvxyci1zhx7ynh5wmkn-plasma-workspace-6.2.2' from 'https://cache.nixos.org'...
copying path '/nix/store/19l634zsjg7rbhjrvf8c0arlclhnp734-security-wrapper-kwin_wayland-x86_64-unknown-linux-musl' from 'https://cache.nixos.org'...
building '/nix/store/6c3x7pg71zbjf0593401pmypwbhkjvk7-ensure-all-wrappers-paths-exist.drv'...
building '/nix/store/7asywvyrmpzc8cff5w284rjgfbqfgljp-unit-script-suid-sgid-wrappers-start.drv'...
building '/nix/store/36hpfadxj6a8x3h1y3mxiwqmn1d08cp1-unit-suid-sgid-wrappers.service.drv'...
building '/nix/store/1j8gn4462qzjrm73sgiszvssmj7bgpdg-linux-6.6.58-modules.drv'...
building '/nix/store/vxxy0qanfkjs59wx8lflsb9vj78cf7jm-linux-6.6.58-modules-shrunk.drv'...
building '/nix/store/67lgwnbhvscljx822pvp44yfsa22im3k-initrd-linux-6.6.58.drv'...
building '/nix/store/jja3h4hak1112rhag7aswivzsndag836-boot.json.drv'...
copying path '/nix/store/3rb8sglczappi4xiryxz5xvn6ms0brg9-plasma-browser-integration-6.2.2' from 'https://cache.nixos.org'...
copying path '/nix/store/3pafmwkzjwmrx5pfnrzbrrl9a011gzjn-powerdevil-6.2.2' from 'https://cache.nixos.org'...
copying path '/nix/store/dyv4a01fj0vxx08np0r4g96zgh5586xv-plasma-pa-6.2.2' from 'https://cache.nixos.org'...
building '/nix/store/15s95bx9xzzzjbkf3lsvnhvbdgshfcr9-desktops.drv'...
building '/nix/store/22rdj7i2qa8crgc1mv1hnk5x2093hlvf-etc-pam-environment.drv'...
building '/nix/store/zwps0slzqddgqlvrb36sj77hj1g0dmca-set-environment.drv'...
building '/nix/store/1mghn2rhvzxfgdby89ypvpn092glr5p3-unit-display-manager.service.drv'...
building '/nix/store/g8ibmbqqw33id15j6m300yilavw1mfa9-xserver-wrapper.drv'...
copying path '/nix/store/kpkrcbiz37v47w84qw2ja3khxv1niasf-plasma-desktop-6.2.2' from 'https://cache.nixos.org'...
building '/nix/store/8zcg1pz70xm1dqj5bp4z4b1cijhs2xyy-etc-profile.drv'...
building '/nix/store/sa4r3syv68q8bs8299jkfcsg82i46cfp-lightdm.conf.drv'...
copying path '/nix/store/zaiygd5p2y9kd29yimga2l0f4r1p8na2-kdeplasma-addons-6.2.2' from 'https://cache.nixos.org'...
building '/nix/store/0a9r3sy99gigc3mp98m3zrgnbjczihz1-home-manager-path.drv'...
building '/nix/store/6cvv4b1b5xkvkib94rsihy85hx3kac3g-system-path.drv'...
building '/nix/store/89xvz0103kcb7lj0rin3l8kxayfaas6v-hm_fontconfigconf.d10hmfonts.conf.drv'...
building '/nix/store/8w8virkl096p8lj0jvq98cf45lqa8gc2-user-environment.drv'...
building '/nix/store/rizzgw4922nzysspr01sdsz4dnv356ly-home-manager-files.drv'...
building '/nix/store/1bpbicw71ryyay9a1rxx45ar6v8a2fs7-home-manager-generation.drv'...
building '/nix/store/ljcb3j6g4qwd1pikshj9iirdrpcc3hvr-unit-home-manager-keganre.service.drv'...
building '/nix/store/3dx46y8vgcmkg6vnlg7fpa42mn75bs3d-X-Restart-Triggers-polkit.drv'...
building '/nix/store/lgv2mw8bs6z60mafgmpfykpn3w6zam3k-dbus-1.drv'...
building '/nix/store/pzr0riddvmxxvr9d3bqxy89bgp4ywvzj-unit-accounts-daemon.service.drv'...
building '/nix/store/9c7948q2scd0rlvcba9l06acr6c8wdw4-X-Restart-Triggers-dbus.drv'...
building '/nix/store/rgilw8bq1v95gg9y5j4a1dwrjz065pn2-unit-polkit.service.drv'...
building '/nix/store/bdhs3n64xhsgfsjfwm08s4g7c83pjmih-unit-dbus.service.drv'...
building '/nix/store/jx1h0y9sa59jszzlinhylnmv022s0sv9-unit-dbus.service.drv'...
building '/nix/store/aynip7zsbbnc0q2n7ggihqrs3xi42pnb-user-units.drv'...
building '/nix/store/rfvs503i7dgm206c303n2nxa6ykyqdhf-system-units.drv'...
building '/nix/store/nyihialjcxcvqssdlciqxqg82vd1mca9-etc.drv'...
building '/nix/store/h242xl3amwr7as30i0zn1pndaladq6fd-nixos-system-nixos-24.11.20241029.807e915.drv'...
updating GRUB 2 menu...
Warning: os-prober will be executed to detect other bootable partitions.
Its output will be used to detect bootable binaries on them and create new boot entries.
lsblk: /dev/mapper/no*[0-9]: not a block device
lsblk: /dev/mapper/raid*[0-9]: not a block device
lsblk: /dev/mapper/disks*[0-9]: not a block device
stopping the following units: accounts-daemon.service, avahi-daemon.service, avahi-daemon.socket, nscd.service, systemd-tmpfiles-resetup.service, systemd-udevd-control.socket, systemd-udevd-kernel.socket, systemd-udevd.service, udisks2.service
NOT restarting the following changed units: display-manager.service, getty@tty1.service
activating the configuration...
setting up /etc...
reloading user units for keganre...
restarting sysinit-reactivation.target
reloading the following units: dbus.service
restarting the following units: home-manager-keganre.service, nix-daemon.service, polkit.service
starting the following units: accounts-daemon.service, avahi-daemon.socket, nscd.service, systemd-tmpfiles-resetup.service, systemd-udevd-control.socket, systemd-udevd-kernel.socket, udisks2.service
